<?xml version="1.0" encoding="UTF-8"?>
<testsuite xmlns:xsi="http://www.w3.org/2001/XMLSchema-instance" xsi:noNamespaceSchemaLocation="https://maven.apache.org/surefire/maven-surefire-plugin/xsd/surefire-test-report.xsd" name="TestSuite" time="26.528" tests="4" errors="0" skipped="0" failures="1">
  <properties>
[...]
</properties>
  <testcase name="brokenTest" classname="ActionsDemoTests" time="5.674">
    <failure message="expected [true] but found [false]" type="java.lang.AssertionError">java.lang.AssertionError: expected [true] but found [false]
	at ActionsDemoTests.brokenTest(ActionsDemoTests.java:41)
</failure>
    <system-out><![CDATA[[17:32:43] INFO  (MyLogger.java) - Going to URL: https://jqueryui.com
[17:32:44] INFO  (MyLogger.java) - Clicking element 'Droppable' (Located: By.cssSelector: a[href$='droppable/'])
[17:32:47] INFO  (MyLogger.java) - Dragging element 'Drop here' (Located: By.cssSelector: #droppable)to 'Drop here' (Located: By.cssSelector: #droppable)
[17:32:48] INFO  (MyLogger.java) - Dragged a wrong square
]]></system-out>
    <system-err><![CDATA[Starting ChromeDriver 79.0.3945.36 (3582db32b33893869b8c1339e8f4d9ed1816f143-refs/branch-heads/3945@{#614}) on port 40800
Only local connections are allowed.
Please protect ports used by ChromeDriver and related test frameworks to prevent access by malicious code.
[1577107956.667][WARNING]: Timed out connecting to Chrome, retrying...
Dec 23, 2019 5:32:38 PM org.openqa.selenium.remote.ProtocolHandshake createSession
INFO: Detected dialect: W3C
[1577107960.759][WARNING]: Timed out connecting to Chrome, retrying...
]]></system-err>
  </testcase>
  <testcase name="dragNDropDemo" classname="ActionsDemoTests" time="3.745"/>
  <testcase name="resizeDemo" classname="ActionsDemoTests" time="3.362"/>
  <testcase name="selectingDemo" classname="ActionsDemoTests" time="2.578"/>
</testsuite>