-------------------------------------------------------------------------------
Test set: TestSuite
-------------------------------------------------------------------------------
Tests run: 4, Failures: 1, Errors: 0, Skipped: 0, Time elapsed: 26.528 s <<< FAILURE! - in TestSuite
brokenTest(ActionsDemoTests)  Time elapsed: 5.674 s  <<< FAILURE!
java.lang.AssertionError: expected [true] but found [false]
	at ActionsDemoTests.brokenTest(ActionsDemoTests.java:41)

